<?xml version="1.0" encoding="UTF-8"?>
<coverage generated="1667347281481" clover="3.2.0">
  <project timestamp="1667347281481" name="All files">
    <metrics statements="23" coveredstatements="23" conditionals="6" coveredconditionals="6" methods="4" coveredmethods="4" elements="33" coveredelements="33" complexity="0" loc="23" ncloc="23" packages="1" files="1" classes="1"/>
    <file name="markov.js" path="/Users/byunboy2/Rithm/exercises/node-markov/markov.js">
      <metrics statements="23" coveredstatements="23" conditionals="6" coveredconditionals="6" methods="4" coveredmethods="4"/>
      <line num="4" count="1" type="stmt"/>
      <line num="12" count="6" type="stmt"/>
      <line num="13" count="6" type="stmt"/>
      <line num="32" count="7" type="stmt"/>
      <line num="34" count="7" type="stmt"/>
      <line num="35" count="29" type="stmt"/>
      <line num="36" count="29" type="stmt"/>
      <line num="37" count="29" type="cond" truecount="2" falsecount="0"/>
      <line num="38" count="29" type="cond" truecount="2" falsecount="0"/>
      <line num="39" count="7" type="stmt"/>
      <line num="41" count="22" type="stmt"/>
      <line num="45" count="7" type="stmt"/>
      <line num="57" count="2" type="stmt"/>
      <line num="59" count="2" type="stmt"/>
      <line num="60" count="6" type="stmt"/>
      <line num="61" count="6" type="stmt"/>
      <line num="62" count="6" type="cond" truecount="2" falsecount="0"/>
      <line num="63" count="4" type="stmt"/>
      <line num="66" count="2" type="stmt"/>
      <line num="74" count="6" type="stmt"/>
      <line num="75" count="6" type="stmt"/>
      <line num="100" count="1" type="stmt"/>
      <line num="101" count="1" type="stmt"/>
    </file>
  </project>
</coverage>
