{"/Users/byunboy2/Rithm/exercises/node-markov/markov.js": {"path":"/Users/byunboy2/Rithm/exercises/node-markov/markov.js","statementMap":{"0":{"start":{"line":4,"column":12},"end":{"line":4,"column":34}},"1":{"start":{"line":12,"column":4},"end":{"line":12,"column":40}},"2":{"start":{"line":13,"column":4},"end":{"line":13,"column":35}},"3":{"start":{"line":32,"column":16},"end":{"line":32,"column":18}},"4":{"start":{"line":34,"column":4},"end":{"line":43,"column":5}},"5":{"start":{"line":34,"column":17},"end":{"line":34,"column":18}},"6":{"start":{"line":35,"column":19},"end":{"line":35,"column":32}},"7":{"start":{"line":36,"column":23},"end":{"line":36,"column":40}},"8":{"start":{"line":37,"column":6},"end":{"line":37,"column":34}},"9":{"start":{"line":38,"column":6},"end":{"line":42,"column":7}},"10":{"start":{"line":39,"column":8},"end":{"line":39,"column":29}},"11":{"start":{"line":41,"column":8},"end":{"line":41,"column":33}},"12":{"start":{"line":45,"column":4},"end":{"line":45,"column":15}},"13":{"start":{"line":57,"column":19},"end":{"line":57,"column":34}},"14":{"start":{"line":59,"column":4},"end":{"line":64,"column":5}},"15":{"start":{"line":60,"column":23},"end":{"line":60,"column":48}},"16":{"start":{"line":61,"column":23},"end":{"line":61,"column":48}},"17":{"start":{"line":62,"column":6},"end":{"line":62,"column":35}},"18":{"start":{"line":62,"column":29},"end":{"line":62,"column":35}},"19":{"start":{"line":63,"column":6},"end":{"line":63,"column":28}},"20":{"start":{"line":66,"column":4},"end":{"line":66,"column":28}},"21":{"start":{"line":74,"column":22},"end":{"line":74,"column":74}},"22":{"start":{"line":75,"column":4},"end":{"line":75,"column":40}},"23":{"start":{"line":100,"column":0},"end":{"line":100,"column":59}},"24":{"start":{"line":101,"column":0},"end":{"line":101,"column":30}}},"fnMap":{"0":{"name":"(anonymous_0)","decl":{"start":{"line":9,"column":2},"end":{"line":9,"column":3}},"loc":{"start":{"line":9,"column":20},"end":{"line":14,"column":3}},"line":9},"1":{"name":"(anonymous_1)","decl":{"start":{"line":30,"column":2},"end":{"line":30,"column":3}},"loc":{"start":{"line":30,"column":14},"end":{"line":46,"column":3}},"line":30},"2":{"name":"(anonymous_2)","decl":{"start":{"line":51,"column":2},"end":{"line":51,"column":3}},"loc":{"start":{"line":51,"column":12},"end":{"line":67,"column":3}},"line":51},"3":{"name":"(anonymous_3)","decl":{"start":{"line":73,"column":2},"end":{"line":73,"column":3}},"loc":{"start":{"line":73,"column":19},"end":{"line":76,"column":3}},"line":73}},"branchMap":{"0":{"loc":{"start":{"line":37,"column":18},"end":{"line":37,"column":33}},"type":"binary-expr","locations":[{"start":{"line":37,"column":18},"end":{"line":37,"column":27}},{"start":{"line":37,"column":31},"end":{"line":37,"column":33}}],"line":37},"1":{"loc":{"start":{"line":38,"column":6},"end":{"line":42,"column":7}},"type":"if","locations":[{"start":{"line":38,"column":6},"end":{"line":42,"column":7}},{"start":{"line":40,"column":13},"end":{"line":42,"column":7}}],"line":38},"2":{"loc":{"start":{"line":62,"column":6},"end":{"line":62,"column":35}},"type":"if","locations":[{"start":{"line":62,"column":6},"end":{"line":62,"column":35}},{"start":{},"end":{}}],"line":62}},"s":{"0":1,"1":6,"2":6,"3":7,"4":7,"5":7,"6":29,"7":29,"8":29,"9":29,"10":7,"11":22,"12":7,"13":2,"14":2,"15":6,"16":6,"17":6,"18":2,"19":4,"20":2,"21":6,"22":6,"23":1,"24":1},"f":{"0":6,"1":7,"2":2,"3":6},"b":{"0":[29,26],"1":[7,22],"2":[2,4]},"_coverageSchema":"1a1c01bbd47fc00a2c39e90264f33305004495a9","hash":"8e81f074500819e3ecb19daf54f2a4705849cf9a"}
}
