TN:
SF:markov.js
FN:9,(anonymous_0)
FN:30,(anonymous_1)
FN:51,(anonymous_2)
FN:73,(anonymous_3)
FNF:4
FNH:4
FNDA:6,(anonymous_0)
FNDA:7,(anonymous_1)
FNDA:2,(anonymous_2)
FNDA:6,(anonymous_3)
DA:4,1
DA:12,6
DA:13,6
DA:32,7
DA:34,7
DA:35,29
DA:36,29
DA:37,29
DA:38,29
DA:39,7
DA:41,22
DA:45,7
DA:57,2
DA:59,2
DA:60,6
DA:61,6
DA:62,6
DA:63,4
DA:66,2
DA:74,6
DA:75,6
DA:100,1
DA:101,1
LF:23
LH:23
BRDA:37,0,0,29
BRDA:37,0,1,26
BRDA:38,1,0,7
BRDA:38,1,1,22
BRDA:62,2,0,2
BRDA:62,2,1,4
BRF:6
BRH:6
end_of_record
